<?xml version="1.0" encoding="UTF-8"?>
<!-- Generated by org.testng.reporters.JUnitReportReporter -->
<testsuite hostname="Rajkumar" failures="0" tests="2" name="Testing.TestkiteApp" time="8.934" errors="0" timestamp="2022-04-02T21:52:33 IST" skipped="0">
  <testcase classname="Testing.TestkiteApp" name="Validationofuserid" time="6.077"/>
  <system-out>
    <![CDATA[Your Test case is Start
validation successful,test case is pass
Congrats Your test case is pass]]>
  </system-out>
  <testcase classname="Testing.TestkiteApp" name="Validationofuserid" time="2.857"/>
  <system-out>
    <![CDATA[Your Test case is Start
validation successful,test case is pass
Congrats Your test case is pass]]>
  </system-out>
</testsuite> <!-- Testing.TestkiteApp -->
